<?xml version="1.0" encoding="UTF-8"?>
<!-- Generated by org.testng.reporters.JUnitXMLReporter -->
<testsuite ignored="2" hostname="Priya" failures="0" tests="4" name="OrangeHRMTest" time="22.417" errors="0" timestamp="2025-12-09T16:52:16 EST">
  <testcase classname="com.orangehrm.tests.DummyClass" name="dummyTest" time="0.016"/>
  <testcase classname="com.orangehrm.tests.DummyClass2" name="dummyTest" time="0.008"/>
  <testcase classname="com.orangehrm.tests.LoginPageTest" name="invalidLoginTest" time="1.108"/>
  <testcase classname="com.orangehrm.tests.LoginPageTest" name="verifyValidLoginTest" time="4.138"/>
  <testcase classname="com.orangehrm.base.BaseClass" name="@BeforeSuite loadConfig" time="0.0">
    <ignored/>
  </testcase> <!-- @BeforeSuite loadConfig -->
  <testcase classname="com.orangehrm.base.BaseClass" name="@BeforeSuite loadConfig" time="0.0">
    <ignored/>
  </testcase> <!-- @BeforeSuite loadConfig -->
</testsuite> <!-- OrangeHRMTest -->
