<?xml version="1.0" encoding="UTF-8"?>
<testng-results ignored="0" total="2" passed="2" failed="0" skipped="0">
  <reporter-output>
  </reporter-output>
  <suite started-at="2025-12-11T13:59:48 EST" name="Default suite" finished-at="2025-12-11T14:00:04 EST" duration-ms="15592">
    <groups>
    </groups>
    <test started-at="2025-12-11T13:59:48 EST" name="Default test" finished-at="2025-12-11T14:00:04 EST" duration-ms="15592">
      <class name="com.orangehrm.tests.LoginPageTest">
        <test-method is-config="true" signature="loadConfig()[pri:0, instance:com.orangehrm.tests.LoginPageTest@49964d75]" started-at="2025-12-11T13:59:48 EST" name="loadConfig" finished-at="2025-12-11T13:59:48 EST" duration-ms="22" status="PASS">
          <reporter-output>
          </reporter-output>
        </test-method> <!-- loadConfig -->
        <test-method is-config="true" signature="setup()[pri:0, instance:com.orangehrm.tests.LoginPageTest@49964d75]" started-at="2025-12-11T13:59:48 EST" name="setup" finished-at="2025-12-11T13:59:52 EST" duration-ms="4197" status="PASS">
          <reporter-output>
          </reporter-output>
        </test-method> <!-- setup -->
        <test-method is-config="true" signature="setupPages()[pri:0, instance:com.orangehrm.tests.LoginPageTest@49964d75]" started-at="2025-12-11T13:59:52 EST" name="setupPages" finished-at="2025-12-11T13:59:52 EST" duration-ms="6" status="PASS">
          <reporter-output>
          </reporter-output>
        </test-method> <!-- setupPages -->
        <test-method signature="invalidLoginTest()[pri:0, instance:com.orangehrm.tests.LoginPageTest@49964d75]" started-at="2025-12-11T13:59:52 EST" name="invalidLoginTest" finished-at="2025-12-11T13:59:54 EST" duration-ms="1885" status="PASS">
          <reporter-output>
          </reporter-output>
        </test-method> <!-- invalidLoginTest -->
        <test-method is-config="true" signature="tearDown()[pri:0, instance:com.orangehrm.tests.LoginPageTest@49964d75]" started-at="2025-12-11T13:59:54 EST" name="tearDown" finished-at="2025-12-11T13:59:55 EST" duration-ms="264" status="PASS">
          <reporter-output>
          </reporter-output>
        </test-method> <!-- tearDown -->
        <test-method is-config="true" signature="setup()[pri:0, instance:com.orangehrm.tests.LoginPageTest@49964d75]" started-at="2025-12-11T13:59:55 EST" name="setup" finished-at="2025-12-11T13:59:58 EST" duration-ms="3570" status="PASS">
          <reporter-output>
          </reporter-output>
        </test-method> <!-- setup -->
        <test-method is-config="true" signature="setupPages()[pri:0, instance:com.orangehrm.tests.LoginPageTest@49964d75]" started-at="2025-12-11T13:59:58 EST" name="setupPages" finished-at="2025-12-11T13:59:58 EST" duration-ms="4" status="PASS">
          <reporter-output>
          </reporter-output>
        </test-method> <!-- setupPages -->
        <test-method signature="verifyValidLoginTest()[pri:0, instance:com.orangehrm.tests.LoginPageTest@49964d75]" started-at="2025-12-11T13:59:58 EST" name="verifyValidLoginTest" finished-at="2025-12-11T14:00:03 EST" duration-ms="5351" status="PASS">
          <reporter-output>
          </reporter-output>
        </test-method> <!-- verifyValidLoginTest -->
        <test-method is-config="true" signature="tearDown()[pri:0, instance:com.orangehrm.tests.LoginPageTest@49964d75]" started-at="2025-12-11T14:00:03 EST" name="tearDown" finished-at="2025-12-11T14:00:04 EST" duration-ms="236" status="PASS">
          <reporter-output>
          </reporter-output>
        </test-method> <!-- tearDown -->
      </class> <!-- com.orangehrm.tests.LoginPageTest -->
    </test> <!-- Default test -->
  </suite> <!-- Default suite -->
</testng-results>
