<?xml version="1.0" encoding="UTF-8"?>
<!-- Generated by org.testng.reporters.JUnitReportReporter -->
<testsuite hostname="Priya" failures="0" tests="2" name="com.orangehrm.tests.LoginPageTest" time="15.513" errors="0" timestamp="2025-12-11T14:00:04 EST" skipped="0">
  <testcase classname="com.orangehrm.tests.LoginPageTest" name="invalidLoginTest" time="5.723"/>
  <testcase classname="com.orangehrm.tests.LoginPageTest" name="verifyValidLoginTest" time="9.790"/>
</testsuite> <!-- com.orangehrm.tests.LoginPageTest -->
