<?xml version="1.0" encoding="UTF-8"?>
<!-- Generated by org.testng.reporters.JUnitReportReporter -->
<testsuite hostname="Priya" failures="0" tests="2" name="com.orangehrm.tests.HomePageTest" time="16.716" errors="0" timestamp="2025-12-11T10:13:28 EST" skipped="0">
  <testcase classname="com.orangehrm.tests.HomePageTest" name="verifyAdminTabVisible" time="10.420"/>
  <testcase classname="com.orangehrm.tests.HomePageTest" name="verifyOrangeHRMLogo" time="6.296"/>
</testsuite> <!-- com.orangehrm.tests.HomePageTest -->
